# JRE version: Java(TM) SE Runtime Environment (23.0.1+11) (build 23.0.1+11-39)
# Java VM: Java HotSpot(TM) 64-Bit Server VM (23.0.1+11-39, mixed mode, sharing, tiered, compressed oops, compressed class ptrs, g1 gc, windows-amd64)
GC Precious Log:
 CardTable entry size: 512
 Card Set container configuration: InlinePtr #cards 5 size 8 Array Of Cards #cards 10 size 36 Howl #buckets 4 coarsen threshold 1843 Howl Bitmap #cards 512 size 80 coarsen threshold 460 Card regions per heap region 1 cards per card region 2048
 CPUs: 12 total, 12 available
 Memory: 7967M
 Large Page Support: Disabled
 NUMA Support: Disabled
 Compressed Oops: Enabled (32-bit)
 Heap Region Size: 1M
 Heap Min Capacity: 8M
 Heap Initial Capacity: 126M
 Heap Max Capacity: 1992M
 Pre-touch: Disabled
 Parallel Workers: 10
 Concurrent Workers: 3
 Concurrent Refinement Workers: 10
 Periodic GC: Disabled
Heap:
 garbage-first heap   total reserved 2039808K, committed 55296K, used 23457K [0x0000000083800000, 0x0000000100000000)
  region size 1024K, 9 young (9216K), 1 survivors (1024K)
 Metaspace       used 24632K, committed 25024K, reserved 1114112K
  class space    used 2629K, committed 2816K, reserved 1048576K
GC Heap History (6 events):
Event: 37.884 GC heap before
{Heap before GC invocations=0 (full 0):
 garbage-first heap   total reserved 2039808K, committed 129024K, used 32768K [0x0000000083800000, 0x0000000100000000)
  region size 1024K, 24 young (24576K), 0 survivors (0K)
 Metaspace       used 15858K, committed 16192K, reserved 1114112K
  class space    used 1785K, committed 1920K, reserved 1048576K
}
Event: 37.914 GC heap after
{Heap after GC invocations=1 (full 0):
 garbage-first heap   total reserved 2039808K, committed 129024K, used 12965K [0x0000000083800000, 0x0000000100000000)
  region size 1024K, 3 young (3072K), 3 survivors (3072K)
 Metaspace       used 15858K, committed 16192K, reserved 1114112K
  class space    used 1785K, committed 1920K, reserved 1048576K
}
Event: 39.438 GC heap before
{Heap before GC invocations=1 (full 0):
 garbage-first heap   total reserved 2039808K, committed 129024K, used 24229K [0x0000000083800000, 0x0000000100000000)
  region size 1024K, 16 young (16384K), 3 survivors (3072K)
 Metaspace       used 21131K, committed 21504K, reserved 1114112K
  class space    used 2360K, committed 2560K, reserved 1048576K
}
Event: 39.455 GC heap after
{Heap after GC invocations=2 (full 0):
 garbage-first heap   total reserved 2039808K, committed 129024K, used 15676K [0x0000000083800000, 0x0000000100000000)
  region size 1024K, 3 young (3072K), 3 survivors (3072K)
 Metaspace       used 21131K, committed 21504K, reserved 1114112K
  class space    used 2360K, committed 2560K, reserved 1048576K
}
Event: 365.434 GC heap before
{Heap before GC invocations=3 (full 0):
 garbage-first heap   total reserved 2039808K, committed 55296K, used 45372K [0x0000000083800000, 0x0000000100000000)
  region size 1024K, 32 young (32768K), 3 survivors (3072K)
 Metaspace       used 24514K, committed 24896K, reserved 1114112K
  class space    used 2629K, committed 2816K, reserved 1048576K
}
Event: 365.476 GC heap after
{Heap after GC invocations=4 (full 0):
 garbage-first heap   total reserved 2039808K, committed 55296K, used 16289K [0x0000000083800000, 0x0000000100000000)
  region size 1024K, 1 young (1024K), 1 survivors (1024K)
 Metaspace       used 24514K, committed 24896K, reserved 1114112K
  class space    used 2629K, committed 2816K, reserved 1048576K
}

